make all --print-data-base --no-builtin-variables --no-builtin-rules --question
# GNU Make 3.81
# Copyright (C) 2006  Free Software Foundation, Inc.
# This is free software; see the source for copying conditions.
# There is NO warranty; not even for MERCHANTABILITY or FITNESS FOR A
# PARTICULAR PURPOSE.

# This program built for i386-apple-darwin11.3.0

# Make data base, printed on Fri Sep 16 22:14:26 2022

# Variables

# automatic
<D = $(patsubst %/,%,$(dir $<))
# automatic
?F = $(notdir $?)
# environment
VSCODE_LOG_NATIVE = false
# automatic
?D = $(patsubst %/,%,$(dir $?))
# automatic
@D = $(patsubst %/,%,$(dir $@))
# automatic
@F = $(notdir $@)
# makefile
CURDIR := /Users/ergrigor/Desktop/philosophers
# makefile
SHELL = /bin/sh
# makefile (from `Makefile', line 8)
RM = rm -rf
# environment
VSCODE_NLS_CONFIG = {"locale":"en-us","availableLanguages":{},"_languagePackSupport":true}
# environment
_ = /usr/bin/make
# makefile (from `Makefile', line 1)
MAKEFILE_LIST :=  Makefile
# environment
VSCODE_VERBOSE_LOGGING = true
# makefile (from `Makefile', line 7)
OBJS = $(patsubst $(SRCS_DIR)/%.c, $(OBJS_DIR)/%.o, $(SRCS))
# environment
VSCODE_IPC_HOOK_EXTHOST = /var/folders/zz/zyxvpxvq6csfxvn_n000cg3r0033ry/T/vscode-ipc-9bbfb72d-ccf1-4a2f-a310-d49e12112daf.sock
# environment
VSCODE_CWD = /
# environment
Apple_PubSub_Socket_Render = /private/tmp/com.apple.launchd.5UoIK9Iev9/Render
# environment
PATH = /usr/local/bin:/usr/bin:/bin:/usr/sbin:/sbin:/usr/local/munki
# environment
LSCOLORS = Gxfxcxdxbxegedabagacad
# makefile (from `Makefile', line 4)
SRCS_DIR = src
# environment
VSCODE_LOG_STACK = false
# environment
ELECTRON_RUN_AS_NODE = 1
# default
.FEATURES := target-specific order-only second-expansion else-if archives jobserver check-symlink
# environment
SSH_AUTH_SOCK = /private/tmp/com.apple.launchd.ByRauPpcBz/Listeners
# automatic
%F = $(notdir $%)
# environment
VSCODE_PIPE_LOGGING = true
# environment
PWD = /Users/ergrigor/Desktop/philosophers
# environment
ORIGINAL_XDG_CURRENT_DESKTOP = undefined
# environment
VSCODE_AMD_ENTRYPOINT = vs/workbench/api/node/extensionHostProcess
# environment
HOME = /Users/ergrigor
# default
MAKEFILEPATH := /Applications/Xcode.app/Contents/Developer/Makefiles
# environment
VSCODE_CODE_CACHE_PATH = /Users/ergrigor/Library/Application Support/Code/CachedData/30d9c6cd9483b2cc586687151bcbcd635f373630
# environment
LOGNAME = ergrigor
# environment
APPLICATION_INSIGHTS_NO_DIAGNOSTIC_CHANNEL = 1
# environment
ZSH = /Users/ergrigor/.oh-my-zsh
# environment
VSCODE_HANDLES_UNCAUGHT_ERRORS = true
# automatic
^D = $(patsubst %/,%,$(dir $^))
# makefile (from `Makefile', line 9)
MKDIR = mkdir -p
# environment
XPC_FLAGS = 0x0
# default
MAKE = $(MAKE_COMMAND)
# default
MAKECMDGOALS := all
# makefile (from `Makefile', line 6)
SRCS = $(wildcard $(SRCS_DIR)/*.c)
# environment
SHLVL = 1
# makefile (from `Makefile', line 2)
CC = cc
# default
MAKE_VERSION := 3.81
# environment
USER = ergrigor
# makefile (from `Makefile', line 11)
.DEFAULT_GOAL = all
# makefile (from `Makefile', line 1)
NAME = philo
# environment
LESS = -R
# automatic
%D = $(patsubst %/,%,$(dir $%))
# default
MAKE_COMMAND := /Applications/Xcode.app/Contents/Developer/usr/bin/make
# default
.VARIABLES := 
# environment
TMPDIR = /var/folders/zz/zyxvpxvq6csfxvn_n000cg3r0033ry/T/
# automatic
*F = $(notdir $*)
# environment
VSCODE_IPC_HOOK = /Users/ergrigor/Library/Application Support/Code/1.68.1-main.sock
# makefile
MAKEFLAGS = Rrqp
# environment
MFLAGS = -Rrqp
# automatic
*D = $(patsubst %/,%,$(dir $*))
# environment
XPC_SERVICE_NAME = com.microsoft.VSCode.2576
# makefile (from `Makefile', line 3)
OBJS_DIR = objs
# automatic
+D = $(patsubst %/,%,$(dir $+))
# automatic
+F = $(notdir $+)
# environment
__CF_USER_TEXT_ENCODING = 0x18F1E:0x0:0x0
# default
MAKEFILES := 
# automatic
<F = $(notdir $<)
# environment
PAGER = less
# environment
LC_ALL = C
# automatic
^F = $(notdir $^)
# default
SUFFIXES := 
# makefile (from `Makefile', line 5)
FLAGS = -Wall -Werror -Wextra -g -Iincludes 
# default
.INCLUDE_DIRS = /usr/local/include
# environment
MAKELEVEL := 0
# environment
LANG = C
# environment
VSCODE_PID = 2483
# variable set hash-table stats:
# Load=74/1024=7%, Rehash=0, Collisions=3/110=3%

# Pattern-specific Variable Values

# No pattern-specific variable values.

# Directories

# . (device 16777224, inode 1201263): 9 files, no impossibilities.
# src (device 16777224, inode 1203073): 6 files, no impossibilities.

# 15 files, no impossibilities in 2 directories.

# Implicit Rules

objs/%.o: src/%.c | objs
#  commands to execute (from `Makefile', line 14):
	$(CC) $(FLAGS) -c $< -o $@
	

# 1 implicit rules, 0 (0.0%) terminal.

# Files

objs/main.o: src/main.c | objs
#  Implicit rule search has been done.
#  Implicit/static pattern stem: `main'
#  Last modified 2022-09-16 22:11:31
#  File has been updated.
#  Successfully updated.
# variable set hash-table stats:
# Load=0/32=0%, Rehash=0, Collisions=0/0=0%
#  commands to execute (from `Makefile', line 14):
	$(CC) $(FLAGS) -c $< -o $@
	

all: philo
#  Phony target (prerequisite of .PHONY).
#  Command-line target.
#  Implicit rule search has not been done.
#  File does not exist.
#  File has been updated.
#  Successfully updated.
# variable set hash-table stats:
# Load=0/32=0%, Rehash=0, Collisions=0/0=0%

philo: objs/main.o objs/start.o objs/utils1.o objs/validation.o | objs
#  Implicit rule search has not been done.
#  Last modified 2022-09-16 22:11:48
#  File has been updated.
#  Successfully updated.
# variable set hash-table stats:
# Load=0/32=0%, Rehash=0, Collisions=0/0=0%
#  commands to execute (from `Makefile', line 22):
	$(CC) $(FLAGS) -o $(NAME) $(OBJS) $(LINKERS)
	

.PHONY: all clean fclean re bonus push
#  Implicit rule search has not been done.
#  Modification time never checked.
#  File has not been updated.

# Not a target:
src/utils1.c:
#  Implicit rule search has been done.
#  Last modified 2022-09-16 20:30:20
#  File has been updated.
#  Successfully updated.
# variable set hash-table stats:
# Load=0/32=0%, Rehash=0, Collisions=0/0=0%

# Not a target:
.SUFFIXES:
#  Implicit rule search has not been done.
#  Modification time never checked.
#  File has not been updated.

push:
#  Phony target (prerequisite of .PHONY).
#  Implicit rule search has not been done.
#  File does not exist.
#  File has not been updated.
#  commands to execute (from `Makefile', line 35):
	@git add .
	@git commit -m "$m"
	@git push
	

# Not a target:
Makefile:
#  Implicit rule search has been done.
#  Last modified 2022-09-16 18:52:55
#  File has been updated.
#  Successfully updated.
# variable set hash-table stats:
# Load=0/32=0%, Rehash=0, Collisions=0/0=0%

# Not a target:
src/validation.c:
#  Implicit rule search has been done.
#  Last modified 2022-09-16 18:52:55
#  File has been updated.
#  Successfully updated.
# variable set hash-table stats:
# Load=0/32=0%, Rehash=0, Collisions=0/0=0%

# Not a target:
src/start.c:
#  Implicit rule search has been done.
#  Last modified 2022-09-16 22:11:46
#  File has been updated.
#  Successfully updated.
# variable set hash-table stats:
# Load=0/32=0%, Rehash=0, Collisions=0/0=0%

objs:
#  Implicit rule search has not been done.
#  Last modified 2022-09-16 22:11:48
#  File has been updated.
#  Successfully updated.
#  commands to execute (from `Makefile', line 17):
	$(MKDIR) $(OBJS_DIR)
	

bonus: all
#  Phony target (prerequisite of .PHONY).
#  Implicit rule search has not been done.
#  File does not exist.
#  File has not been updated.

fclean: clean
#  Phony target (prerequisite of .PHONY).
#  Implicit rule search has not been done.
#  File does not exist.
#  File has not been updated.
#  commands to execute (from `Makefile', line 30):
	$(RM) $(NAME)
	

# Not a target:
src/main.c:
#  Implicit rule search has been done.
#  Last modified 2022-09-16 22:11:30
#  File has been updated.
#  Successfully updated.
# variable set hash-table stats:
# Load=0/32=0%, Rehash=0, Collisions=0/0=0%

# Not a target:
.DEFAULT:
#  Implicit rule search has not been done.
#  Modification time never checked.
#  File has not been updated.

re: fclean all
#  Phony target (prerequisite of .PHONY).
#  Implicit rule search has not been done.
#  File does not exist.
#  File has not been updated.

 
clean:
#  Phony target (prerequisite of .PHONY).
#  Implicit rule search has not been done.
#  File does not exist.
#  File has not been updated.
#  commands to execute (from `Makefile', line 27):
	$(RM) $(OBJS_DIR)
	

objs/utils1.o: src/utils1.c | objs
#  Implicit rule search has been done.
#  Implicit/static pattern stem: `utils1'
#  Last modified 2022-09-16 20:31:03
#  File has been updated.
#  Successfully updated.
# variable set hash-table stats:
# Load=0/32=0%, Rehash=0, Collisions=0/0=0%
#  commands to execute (from `Makefile', line 14):
	$(CC) $(FLAGS) -c $< -o $@
	

objs/validation.o: src/validation.c | objs
#  Implicit rule search has been done.
#  Implicit/static pattern stem: `validation'
#  Last modified 2022-09-16 20:24:37
#  File has been updated.
#  Successfully updated.
# variable set hash-table stats:
# Load=0/32=0%, Rehash=0, Collisions=0/0=0%
#  commands to execute (from `Makefile', line 14):
	$(CC) $(FLAGS) -c $< -o $@
	

objs/start.o: src/start.c | objs
#  Implicit rule search has been done.
#  Implicit/static pattern stem: `start'
#  Last modified 2022-09-16 22:11:48
#  File has been updated.
#  Successfully updated.
# variable set hash-table stats:
# Load=0/32=0%, Rehash=0, Collisions=0/0=0%
#  commands to execute (from `Makefile', line 14):
	$(CC) $(FLAGS) -c $< -o $@
	

# files hash-table stats:
# Load=20/1024=2%, Rehash=0, Collisions=0/69=0%
# VPATH Search Paths

# No `vpath' search paths.

# No general (`VPATH' variable) search path.

# # of strings in strcache: 1
# # of strcache buffers: 1
# strcache size: total = 4096 / max = 4096 / min = 4096 / avg = 4096
# strcache free: total = 4087 / max = 4087 / min = 4087 / avg = 4087

# Finished Make data base on Fri Sep 16 22:14:26 2022

 
